Determining if the include file sys/time.h exists failed with the following output:
Change Dir: C:/TFG/Github/code/build/CMakeFiles/CMakeScratch/TryCompile-2tjtkx

Run Build Command(s):C:/Program Files/Microsoft Visual Studio/2022/Community/MSBuild/Current/Bin/amd64/MSBuild.exe cmTC_d07ba.vcxproj /p:Configuration=Debug /p:Platform=x64 /p:VisualStudioVersion=17.0 /v:m && MSBuild version 17.4.1+9a89d02ff for .NET Framework
  Compilador de optimización de C/C++ de Microsoft (R) versión 19.34.31942 para x64
  CheckIncludeFile.c
  (C) Microsoft Corporation. Todos los derechos reservados.
  cl /c /Zi /W3 /WX- /diagnostics:column /Od /Ob0 /D _MBCS /D WIN32 /D _WINDOWS /D "CMAKE_INTDIR=\"Debug\"" /Gm- /RTC1 /MDd /GS /fp:precise /Zc:wchar_t /Zc:forScope /Zc:inline /Fo"cmTC_d07ba.dir\Debug\\" /Fd"cmTC_d07ba.dir\Debug\vc143.pdb" /external:W3 /Gd /TC /errorReport:queue "C:\TFG\Github\code\build\CMakeFiles\CMakeScratch\TryCompile-2tjtkx\CheckIncludeFile.c"
C:\TFG\Github\code\build\CMakeFiles\CMakeScratch\TryCompile-2tjtkx\CheckIncludeFile.c(1,10): fatal  error C1083: No se puede abrir el archivo incluir: 'sys/time.h': No such file or directory [C:\TFG\Github\code\build\CMakeFiles\CMakeScratch\TryCompile-2tjtkx\cmTC_d07ba.vcxproj]



Determining if the include file strings.h exists failed with the following output:
Change Dir: C:/TFG/Github/code/build/CMakeFiles/CMakeScratch/TryCompile-jtizdq

Run Build Command(s):C:/Program Files/Microsoft Visual Studio/2022/Community/MSBuild/Current/Bin/amd64/MSBuild.exe cmTC_d4979.vcxproj /p:Configuration=Debug /p:Platform=x64 /p:VisualStudioVersion=17.0 /v:m && MSBuild version 17.4.1+9a89d02ff for .NET Framework
  Compilador de optimización de C/C++ de Microsoft (R) versión 19.34.31942 para x64
  CheckIncludeFile.c
  (C) Microsoft Corporation. Todos los derechos reservados.
  cl /c /Zi /W3 /WX- /diagnostics:column /Od /Ob0 /D _MBCS /D WIN32 /D _WINDOWS /D "CMAKE_INTDIR=\"Debug\"" /Gm- /RTC1 /MDd /GS /fp:precise /Zc:wchar_t /Zc:forScope /Zc:inline /Fo"cmTC_d4979.dir\Debug\\" /Fd"cmTC_d4979.dir\Debug\vc143.pdb" /external:W3 /Gd /TC /errorReport:queue "C:\TFG\Github\code\build\CMakeFiles\CMakeScratch\TryCompile-jtizdq\CheckIncludeFile.c"
C:\TFG\Github\code\build\CMakeFiles\CMakeScratch\TryCompile-jtizdq\CheckIncludeFile.c(1,10): fatal  error C1083: No se puede abrir el archivo incluir: 'strings.h': No such file or directory [C:\TFG\Github\code\build\CMakeFiles\CMakeScratch\TryCompile-jtizdq\cmTC_d4979.vcxproj]



Determining if the include file rpc/xdr.h exists failed with the following output:
Change Dir: C:/TFG/Github/code/build/CMakeFiles/CMakeScratch/TryCompile-3cdvav

Run Build Command(s):C:/Program Files/Microsoft Visual Studio/2022/Community/MSBuild/Current/Bin/amd64/MSBuild.exe cmTC_f1b8c.vcxproj /p:Configuration=Debug /p:Platform=x64 /p:VisualStudioVersion=17.0 /v:m && MSBuild version 17.4.1+9a89d02ff for .NET Framework
  Compilador de optimización de C/C++ de Microsoft (R) versión 19.34.31942 para x64
  CheckIncludeFile.c
C:\TFG\Github\code\build\CMakeFiles\CMakeScratch\TryCompile-3cdvav\CheckIncludeFile.c(1,10): fatal  error C1083: No se puede abrir el archivo incluir: 'rpc/xdr.h': No such file or directory [C:\TFG\Github\code\build\CMakeFiles\CMakeScratch\TryCompile-3cdvav\cmTC_f1b8c.vcxproj]
  (C) Microsoft Corporation. Todos los derechos reservados.
  cl /c /Zi /W3 /WX- /diagnostics:column /Od /Ob0 /D _MBCS /D WIN32 /D _WINDOWS /D "CMAKE_INTDIR=\"Debug\"" /Gm- /RTC1 /MDd /GS /fp:precise /Zc:wchar_t /Zc:forScope /Zc:inline /Fo"cmTC_f1b8c.dir\Debug\\" /Fd"cmTC_f1b8c.dir\Debug\vc143.pdb" /external:W3 /Gd /TC /errorReport:queue "C:\TFG\Github\code\build\CMakeFiles\CMakeScratch\TryCompile-3cdvav\CheckIncludeFile.c"



Determining if the include file regex.h exists failed with the following output:
Change Dir: C:/TFG/Github/code/build/CMakeFiles/CMakeScratch/TryCompile-eg4ihq

Run Build Command(s):C:/Program Files/Microsoft Visual Studio/2022/Community/MSBuild/Current/Bin/amd64/MSBuild.exe cmTC_8c0e8.vcxproj /p:Configuration=Debug /p:Platform=x64 /p:VisualStudioVersion=17.0 /v:m && MSBuild version 17.4.1+9a89d02ff for .NET Framework
  Compilador de optimización de C/C++ de Microsoft (R) versión 19.34.31942 para x64
  CheckIncludeFile.c
  (C) Microsoft Corporation. Todos los derechos reservados.
  cl /c /Zi /W3 /WX- /diagnostics:column /Od /Ob0 /D _MBCS /D WIN32 /D _WINDOWS /D "CMAKE_INTDIR=\"Debug\"" /Gm- /RTC1 /MDd /GS /fp:precise /Zc:wchar_t /Zc:forScope /Zc:inline /Fo"cmTC_8c0e8.dir\Debug\\" /Fd"cmTC_8c0e8.dir\Debug\vc143.pdb" /external:W3 /Gd /TC /errorReport:queue "C:\TFG\Github\code\build\CMakeFiles\CMakeScratch\TryCompile-eg4ihq\CheckIncludeFile.c"
C:\TFG\Github\code\build\CMakeFiles\CMakeScratch\TryCompile-eg4ihq\CheckIncludeFile.c(1,10): fatal  error C1083: No se puede abrir el archivo incluir: 'regex.h': No such file or directory [C:\TFG\Github\code\build\CMakeFiles\CMakeScratch\TryCompile-eg4ihq\cmTC_8c0e8.vcxproj]



Determining if the sranddev exist failed with the following output:
Change Dir: C:/TFG/Github/code/build/CMakeFiles/CMakeScratch/TryCompile-sfa1i0

Run Build Command(s):C:/Program Files/Microsoft Visual Studio/2022/Community/MSBuild/Current/Bin/amd64/MSBuild.exe cmTC_f4ba9.vcxproj /p:Configuration=Debug /p:Platform=x64 /p:VisualStudioVersion=17.0 /v:m && MSBuild version 17.4.1+9a89d02ff for .NET Framework
  Compilador de optimización de C/C++ de Microsoft (R) versión 19.34.31942 para x64
  CheckSymbolExists.c
  (C) Microsoft Corporation. Todos los derechos reservados.
  cl /c /Zi /W3 /WX- /diagnostics:column /Od /Ob0 /D _MBCS /D WIN32 /D _WINDOWS /D "CMAKE_INTDIR=\"Debug\"" /Gm- /RTC1 /MDd /GS /fp:precise /Zc:wchar_t /Zc:forScope /Zc:inline /Fo"cmTC_f4ba9.dir\Debug\\" /Fd"cmTC_f4ba9.dir\Debug\vc143.pdb" /external:W3 /Gd /TC /errorReport:queue "C:\TFG\Github\code\build\CMakeFiles\CMakeScratch\TryCompile-sfa1i0\CheckSymbolExists.c"
C:\TFG\Github\code\build\CMakeFiles\CMakeScratch\TryCompile-sfa1i0\CheckSymbolExists.c(8,27): error C2065: 'sranddev': identificador no declarado [C:\TFG\Github\code\build\CMakeFiles\CMakeScratch\TryCompile-sfa1i0\cmTC_f4ba9.vcxproj]


File CheckSymbolExists.c:
/* */
#include <stdlib.h>

int main(int argc, char** argv)
{
  (void)argv;
#ifndef sranddev
  return ((int*)(&sranddev))[argc];
#else
  (void)argc;
  return 0;
#endif
}

Determining if the strcasecmp exist failed with the following output:
Change Dir: C:/TFG/Github/code/build/CMakeFiles/CMakeScratch/TryCompile-c01jbj

Run Build Command(s):C:/Program Files/Microsoft Visual Studio/2022/Community/MSBuild/Current/Bin/amd64/MSBuild.exe cmTC_aa302.vcxproj /p:Configuration=Debug /p:Platform=x64 /p:VisualStudioVersion=17.0 /v:m && MSBuild version 17.4.1+9a89d02ff for .NET Framework
  Compilador de optimización de C/C++ de Microsoft (R) versión 19.34.31942 para x64
  CheckSymbolExists.c
  (C) Microsoft Corporation. Todos los derechos reservados.
  cl /c /Zi /W3 /WX- /diagnostics:column /Od /Ob0 /D _MBCS /D WIN32 /D _WINDOWS /D "CMAKE_INTDIR=\"Debug\"" /Gm- /RTC1 /MDd /GS /fp:precise /Zc:wchar_t /Zc:forScope /Zc:inline /Fo"cmTC_aa302.dir\Debug\\" /Fd"cmTC_aa302.dir\Debug\vc143.pdb" /external:W3 /Gd /TC /errorReport:queue "C:\TFG\Github\code\build\CMakeFiles\CMakeScratch\TryCompile-c01jbj\CheckSymbolExists.c"
C:\TFG\Github\code\build\CMakeFiles\CMakeScratch\TryCompile-c01jbj\CheckSymbolExists.c(8,29): error C2065: 'strcasecmp': identificador no declarado [C:\TFG\Github\code\build\CMakeFiles\CMakeScratch\TryCompile-c01jbj\cmTC_aa302.vcxproj]


File CheckSymbolExists.c:
/* */
#include <string.h>

int main(int argc, char** argv)
{
  (void)argv;
#ifndef strcasecmp
  return ((int*)(&strcasecmp))[argc];
#else
  (void)argc;
  return 0;
#endif
}

Determining if the strncasecmp exist failed with the following output:
Change Dir: C:/TFG/Github/code/build/CMakeFiles/CMakeScratch/TryCompile-nbwua2

Run Build Command(s):C:/Program Files/Microsoft Visual Studio/2022/Community/MSBuild/Current/Bin/amd64/MSBuild.exe cmTC_306e1.vcxproj /p:Configuration=Debug /p:Platform=x64 /p:VisualStudioVersion=17.0 /v:m && MSBuild version 17.4.1+9a89d02ff for .NET Framework
  Compilador de optimización de C/C++ de Microsoft (R) versión 19.34.31942 para x64
  CheckSymbolExists.c
  (C) Microsoft Corporation. Todos los derechos reservados.
  cl /c /Zi /W3 /WX- /diagnostics:column /Od /Ob0 /D _MBCS /D WIN32 /D _WINDOWS /D "CMAKE_INTDIR=\"Debug\"" /Gm- /RTC1 /MDd /GS /fp:precise /Zc:wchar_t /Zc:forScope /Zc:inline /Fo"cmTC_306e1.dir\Debug\\" /Fd"cmTC_306e1.dir\Debug\vc143.pdb" /external:W3 /Gd /TC /errorReport:queue "C:\TFG\Github\code\build\CMakeFiles\CMakeScratch\TryCompile-nbwua2\CheckSymbolExists.c"
C:\TFG\Github\code\build\CMakeFiles\CMakeScratch\TryCompile-nbwua2\CheckSymbolExists.c(8,30): error C2065: 'strncasecmp': identificador no declarado [C:\TFG\Github\code\build\CMakeFiles\CMakeScratch\TryCompile-nbwua2\cmTC_306e1.vcxproj]


File CheckSymbolExists.c:
/* */
#include <string.h>

int main(int argc, char** argv)
{
  (void)argv;
#ifndef strncasecmp
  return ((int*)(&strncasecmp))[argc];
#else
  (void)argc;
  return 0;
#endif
}

Determining if the function dlopen exists in the dl failed with the following output:
Change Dir: C:/TFG/Github/code/build/CMakeFiles/CMakeScratch/TryCompile-uflizx

Run Build Command(s):C:/Program Files/Microsoft Visual Studio/2022/Community/MSBuild/Current/Bin/amd64/MSBuild.exe cmTC_28661.vcxproj /p:Configuration=Debug /p:Platform=x64 /p:VisualStudioVersion=17.0 /v:m && MSBuild version 17.4.1+9a89d02ff for .NET Framework
  Compilador de optimización de C/C++ de Microsoft (R) versión 19.34.31942 para x64
  CheckFunctionExists.c
  (C) Microsoft Corporation. Todos los derechos reservados.
  cl /c /Zi /W3 /WX- /diagnostics:column /Od /Ob0 /D _MBCS /D WIN32 /D _WINDOWS /D CHECK_FUNCTION_EXISTS=dlopen /D "CMAKE_INTDIR=\"Debug\"" /Gm- /RTC1 /MDd /GS /fp:precise /Zc:wchar_t /Zc:forScope /Zc:inline /Fo"cmTC_28661.dir\Debug\\" /Fd"cmTC_28661.dir\Debug\vc143.pdb" /external:W3 /Gd /TC /errorReport:queue "C:\TFG\Github\code\build\CMakeFiles\CMakeScratch\TryCompile-uflizx\CheckFunctionExists.c"
LINK : fatal error LNK1104: no se puede abrir el archivo 'dl.lib' [C:\TFG\Github\code\build\CMakeFiles\CMakeScratch\TryCompile-uflizx\cmTC_28661.vcxproj]



Performing C++ SOURCE FILE Test HAVE_STD_TR1_SHARED_PTR_IN_TR1_HEADER failed with the following output:
Change Dir: C:/TFG/Github/code/build/CMakeFiles/CMakeScratch/TryCompile-ff76su

Run Build Command(s):C:/Program Files/Microsoft Visual Studio/2022/Community/MSBuild/Current/Bin/amd64/MSBuild.exe cmTC_01015.vcxproj /p:Configuration=Debug /p:Platform=x64 /p:VisualStudioVersion=17.0 /v:m && MSBuild version 17.4.1+9a89d02ff for .NET Framework
  Compilador de optimización de C/C++ de Microsoft (R) versión 19.34.31942 para x64
  src.cxx
  (C) Microsoft Corporation. Todos los derechos reservados.
  cl /c /Zi /W3 /WX- /diagnostics:column /Od /Ob0 /D _MBCS /D WIN32 /D _WINDOWS /D HAVE_STD_TR1_SHARED_PTR_IN_TR1_HEADER /D "CMAKE_INTDIR=\"Debug\"" /Gm- /EHsc /RTC1 /MDd /GS /fp:precise /Zc:wchar_t /Zc:forScope /Zc:inline /GR /Fo"cmTC_01015.dir\Debug\\" /Fd"cmTC_01015.dir\Debug\vc143.pdb" /external:W3 /Gd /TP /errorReport:queue "C:\TFG\Github\code\build\CMakeFiles\CMakeScratch\TryCompile-ff76su\src.cxx"
C:\TFG\Github\code\build\CMakeFiles\CMakeScratch\TryCompile-ff76su\src.cxx(1,10): fatal  error C1083: No se puede abrir el archivo incluir: 'tr1/memory': No such file or directory [C:\TFG\Github\code\build\CMakeFiles\CMakeScratch\TryCompile-ff76su\cmTC_01015.vcxproj]


Source file was:
#include <tr1/memory>
                           int main(){ std::tr1::shared_ptr<int> p; return 0; }

Performing C SOURCE FILE Test CMAKE_HAVE_LIBC_PTHREAD failed with the following output:
Change Dir: C:/TFG/Github/code/build/CMakeFiles/CMakeScratch/TryCompile-1i5sbu

Run Build Command(s):C:/Program Files/Microsoft Visual Studio/2022/Community/MSBuild/Current/Bin/amd64/MSBuild.exe cmTC_96d2f.vcxproj /p:Configuration=Debug /p:Platform=x64 /p:VisualStudioVersion=17.0 /v:m && MSBuild version 17.4.1+9a89d02ff for .NET Framework
  Compilador de optimización de C/C++ de Microsoft (R) versión 19.34.31942 para x64
  src.c
  (C) Microsoft Corporation. Todos los derechos reservados.
  cl /c /Zi /W3 /WX- /diagnostics:column /Od /Ob0 /D _MBCS /D WIN32 /D _WINDOWS /D CMAKE_HAVE_LIBC_PTHREAD /D "CMAKE_INTDIR=\"Debug\"" /Gm- /RTC1 /MDd /GS /fp:precise /Zc:wchar_t /Zc:forScope /Zc:inline /Fo"cmTC_96d2f.dir\Debug\\" /Fd"cmTC_96d2f.dir\Debug\vc143.pdb" /external:W3 /Gd /TC /errorReport:queue "C:\TFG\Github\code\build\CMakeFiles\CMakeScratch\TryCompile-1i5sbu\src.c"
C:\TFG\Github\code\build\CMakeFiles\CMakeScratch\TryCompile-1i5sbu\src.c(1,10): fatal  error C1083: No se puede abrir el archivo incluir: 'pthread.h': No such file or directory [C:\TFG\Github\code\build\CMakeFiles\CMakeScratch\TryCompile-1i5sbu\cmTC_96d2f.vcxproj]


Source file was:
#include <pthread.h>

static void* test_func(void* data)
{
  return data;
}

int main(void)
{
  pthread_t thread;
  pthread_create(&thread, NULL, test_func, NULL);
  pthread_detach(thread);
  pthread_cancel(thread);
  pthread_join(thread, NULL);
  pthread_atfork(NULL, NULL, NULL);
  pthread_exit(NULL);

  return 0;
}


Determining if the function pthread_create exists in the pthreads failed with the following output:
Change Dir: C:/TFG/Github/code/build/CMakeFiles/CMakeScratch/TryCompile-vf17su

Run Build Command(s):C:/Program Files/Microsoft Visual Studio/2022/Community/MSBuild/Current/Bin/amd64/MSBuild.exe cmTC_b6523.vcxproj /p:Configuration=Debug /p:Platform=x64 /p:VisualStudioVersion=17.0 /v:m && MSBuild version 17.4.1+9a89d02ff for .NET Framework
  Compilador de optimización de C/C++ de Microsoft (R) versión 19.34.31942 para x64
  CheckFunctionExists.c
  (C) Microsoft Corporation. Todos los derechos reservados.
  cl /c /Zi /W3 /WX- /diagnostics:column /Od /Ob0 /D _MBCS /D WIN32 /D _WINDOWS /D CHECK_FUNCTION_EXISTS=pthread_create /D "CMAKE_INTDIR=\"Debug\"" /Gm- /RTC1 /MDd /GS /fp:precise /Zc:wchar_t /Zc:forScope /Zc:inline /Fo"cmTC_b6523.dir\Debug\\" /Fd"cmTC_b6523.dir\Debug\vc143.pdb" /external:W3 /Gd /TC /errorReport:queue "C:\TFG\Github\code\build\CMakeFiles\CMakeScratch\TryCompile-vf17su\CheckFunctionExists.c"
LINK : fatal error LNK1104: no se puede abrir el archivo 'pthreads.lib' [C:\TFG\Github\code\build\CMakeFiles\CMakeScratch\TryCompile-vf17su\cmTC_b6523.vcxproj]



Determining if the function pthread_create exists in the pthread failed with the following output:
Change Dir: C:/TFG/Github/code/build/CMakeFiles/CMakeScratch/TryCompile-lrlwkp

Run Build Command(s):C:/Program Files/Microsoft Visual Studio/2022/Community/MSBuild/Current/Bin/amd64/MSBuild.exe cmTC_40c22.vcxproj /p:Configuration=Debug /p:Platform=x64 /p:VisualStudioVersion=17.0 /v:m && MSBuild version 17.4.1+9a89d02ff for .NET Framework
  Compilador de optimización de C/C++ de Microsoft (R) versión 19.34.31942 para x64
  CheckFunctionExists.c
  (C) Microsoft Corporation. Todos los derechos reservados.
  cl /c /Zi /W3 /WX- /diagnostics:column /Od /Ob0 /D _MBCS /D WIN32 /D _WINDOWS /D CHECK_FUNCTION_EXISTS=pthread_create /D "CMAKE_INTDIR=\"Debug\"" /Gm- /RTC1 /MDd /GS /fp:precise /Zc:wchar_t /Zc:forScope /Zc:inline /Fo"cmTC_40c22.dir\Debug\\" /Fd"cmTC_40c22.dir\Debug\vc143.pdb" /external:W3 /Gd /TC /errorReport:queue "C:\TFG\Github\code\build\CMakeFiles\CMakeScratch\TryCompile-lrlwkp\CheckFunctionExists.c"
LINK : fatal error LNK1104: no se puede abrir el archivo 'pthread.lib' [C:\TFG\Github\code\build\CMakeFiles\CMakeScratch\TryCompile-lrlwkp\cmTC_40c22.vcxproj]



Determining if the function getopt exists failed with the following output:
Change Dir: C:/TFG/Github/code/build/CMakeFiles/CMakeScratch/TryCompile-3ad75d

Run Build Command(s):C:/Program Files/Microsoft Visual Studio/2022/Community/MSBuild/Current/Bin/amd64/MSBuild.exe cmTC_f8806.vcxproj /p:Configuration=Debug /p:Platform=x64 /p:VisualStudioVersion=17.0 /v:m && MSBuild version 17.4.1+9a89d02ff for .NET Framework
  Compilador de optimización de C/C++ de Microsoft (R) versión 19.34.31942 para x64
  (C) Microsoft Corporation. Todos los derechos reservados.
  CheckFunctionExists.c
  cl /c /Zi /W3 /WX- /diagnostics:column /Od /Ob0 /D _MBCS /D WIN32 /D _WINDOWS /D CHECK_FUNCTION_EXISTS=getopt /D "CMAKE_INTDIR=\"Debug\"" /Gm- /RTC1 /MDd /GS /fp:precise /Zc:wchar_t /Zc:forScope /Zc:inline /Fo"cmTC_f8806.dir\Debug\\" /Fd"cmTC_f8806.dir\Debug\vc143.pdb" /external:W3 /Gd /TC /errorReport:queue "C:\TFG\Github\code\build\CMakeFiles\CMakeScratch\TryCompile-3ad75d\CheckFunctionExists.c"
CheckFunctionExists.obj : error LNK2019: símbolo externo getopt sin resolver al que se hace referencia en la función main [C:\TFG\Github\code\build\CMakeFiles\CMakeScratch\TryCompile-3ad75d\cmTC_f8806.vcxproj]
C:\TFG\Github\code\build\CMakeFiles\CMakeScratch\TryCompile-3ad75d\Debug\cmTC_f8806.exe : fatal error LNK1120: 1 externos sin resolver [C:\TFG\Github\code\build\CMakeFiles\CMakeScratch\TryCompile-3ad75d\cmTC_f8806.vcxproj]



